build/app/intermediates/manifest_merge_blame_file/debug/manifest-merger-blame-debug-report.txt
1<?xml version="1.0" encoding="utf-8"?>
2<manifest xmlns:android="http://schemas.android.com/apk/res/android"
3    package="com.allthesafe.linger"
4    android:versionCode="1"
5    android:versionName="1.0.0" >
6
7    <uses-sdk
8        android:minSdkVersion="21"
9        android:targetSdkVersion="33" />
10    <!--
11         Flutter needs it to communicate with the running application
12         to allow setting breakpoints, to provide hot reload, etc.
13    -->
14    <uses-permission android:name="android.permission.INTERNET" />
14-->src\main\AndroidManifest.xml:6:5-67
14-->src\main\AndroidManifest.xml:6:22-64
15    <uses-permission android:name="android.permission.ACCESS_FINE_LOCATION" />
15-->src\main\AndroidManifest.xml:4:5-79
15-->src\main\AndroidManifest.xml:4:22-76
16    <uses-permission android:name="android.permission.ACCESS_COARSE_LOCATION" />
16-->src\main\AndroidManifest.xml:5:5-81
16-->src\main\AndroidManifest.xml:5:22-78
17    <uses-permission android:name="android.permission.ACCESS_WIFI_STATE" />
17-->src\main\AndroidManifest.xml:7:5-76
17-->src\main\AndroidManifest.xml:7:22-73
18    <uses-permission android:name="android.permission.FOREGROUND_SERVICE" />
18-->[:geolocator_android] AndroidManifest.xml:9:5-77
18-->[:geolocator_android] AndroidManifest.xml:9:22-74
19    <uses-permission android:name="android.permission.VIBRATE" />
19-->[:assets_audio_player] AndroidManifest.xml:10:5-66
19-->[:assets_audio_player] AndroidManifest.xml:10:22-63
20    <uses-permission android:name="android.permission.WAKE_LOCK" />
20-->[:assets_audio_player] AndroidManifest.xml:11:5-68
20-->[:assets_audio_player] AndroidManifest.xml:11:22-65
21    <uses-permission android:name="android.permission.WRITE_EXTERNAL_STORAGE" />
22    <uses-permission android:name="android.permission.READ_PHONE_STATE" />
23    <uses-permission android:name="android.permission.READ_EXTERNAL_STORAGE" />
24
25    <queries>
25-->[:flutter_inappwebview] AndroidManifest.xml:9:5-13:15
26        <intent>
26-->[:flutter_inappwebview] AndroidManifest.xml:10:9-12:18
27            <action android:name="android.support.customtabs.action.CustomTabsService" />
27-->[:flutter_inappwebview] AndroidManifest.xml:11:13-90
27-->[:flutter_inappwebview] AndroidManifest.xml:11:21-87
28        </intent>
29
30        <package android:name="com.facebook.katana" />
30-->[com.facebook.android:facebook-common:14.1.1] AndroidManifest.xml:30:9-55
30-->[com.facebook.android:facebook-common:14.1.1] AndroidManifest.xml:30:18-52
31
32        <intent>
32-->[com.razorpay:checkout:1.6.19] AndroidManifest.xml:12:9-18:18
33            <action android:name="android.intent.action.VIEW" />
33-->[com.facebook.android:facebook-common:14.1.1] AndroidManifest.xml:44:17-69
33-->[com.facebook.android:facebook-common:14.1.1] AndroidManifest.xml:44:25-66
34
35            <data
35-->[com.facebook.android:facebook-common:14.1.1] AndroidManifest.xml:49:17-51:50
36                android:mimeType="*/*"
37                android:scheme="*" />
37-->[com.facebook.android:facebook-common:14.1.1] AndroidManifest.xml:51:21-47
38        </intent>
39        <intent>
39-->[com.razorpay:checkout:1.6.19] AndroidManifest.xml:19:9-28:18
40            <action android:name="android.intent.action.VIEW" />
40-->[com.facebook.android:facebook-common:14.1.1] AndroidManifest.xml:44:17-69
40-->[com.facebook.android:facebook-common:14.1.1] AndroidManifest.xml:44:25-66
41
42            <category android:name="android.intent.category.BROWSABLE" />
42-->[com.facebook.android:facebook-common:14.1.1] AndroidManifest.xml:47:17-78
42-->[com.facebook.android:facebook-common:14.1.1] AndroidManifest.xml:47:27-75
43
44            <data
44-->[com.facebook.android:facebook-common:14.1.1] AndroidManifest.xml:49:17-51:50
45                android:host="pay"
45-->[com.facebook.android:facebook-common:14.1.1] AndroidManifest.xml:50:21-56
46                android:mimeType="*/*"
47                android:scheme="upi" />
47-->[com.facebook.android:facebook-common:14.1.1] AndroidManifest.xml:51:21-47
48        </intent>
49        <intent>
49-->[com.razorpay:checkout:1.6.19] AndroidManifest.xml:29:9-31:18
50            <action android:name="android.intent.action.MAIN" />
50-->[com.razorpay:checkout:1.6.19] AndroidManifest.xml:30:13-65
50-->[com.razorpay:checkout:1.6.19] AndroidManifest.xml:30:21-62
51        </intent>
52        <intent>
52-->[com.razorpay:checkout:1.6.19] AndroidManifest.xml:32:9-36:18
53            <action android:name="android.intent.action.SEND" />
53-->[com.razorpay:checkout:1.6.19] AndroidManifest.xml:33:13-65
53-->[com.razorpay:checkout:1.6.19] AndroidManifest.xml:33:21-62
54
55            <data android:mimeType="*/*" />
55-->[com.facebook.android:facebook-common:14.1.1] AndroidManifest.xml:49:17-51:50
56        </intent>
57    </queries>
58
59    <uses-permission android:name="android.permission.ACCESS_NETWORK_STATE" />
59-->[com.google.firebase:firebase-auth:21.1.0] AndroidManifest.xml:24:5-79
59-->[com.google.firebase:firebase-auth:21.1.0] AndroidManifest.xml:24:22-76
60
61    <uses-feature
61-->[com.google.android.gms:play-services-maps:17.0.0] AndroidManifest.xml:26:5-28:35
62        android:glEsVersion="0x00020000"
62-->[com.google.android.gms:play-services-maps:17.0.0] AndroidManifest.xml:27:9-41
63        android:required="true" />
63-->[com.google.android.gms:play-services-maps:17.0.0] AndroidManifest.xml:28:9-32
64
65    <uses-permission android:name="com.google.android.gms.permission.AD_ID" />
65-->[com.facebook.android:facebook-core:14.1.1] AndroidManifest.xml:28:5-79
65-->[com.facebook.android:facebook-core:14.1.1] AndroidManifest.xml:28:22-76
66    <uses-permission android:name="com.google.android.finsky.permission.BIND_GET_INSTALL_REFERRER_SERVICE" />
66-->[com.android.installreferrer:installreferrer:1.0] AndroidManifest.xml:9:5-110
66-->[com.android.installreferrer:installreferrer:1.0] AndroidManifest.xml:9:22-107
67
68    <application
69        android:name="android.app.Application"
70        android:appComponentFactory="androidx.core.app.CoreComponentFactory"
70-->[androidx.core:core:1.8.0] AndroidManifest.xml:24:18-86
71        android:debuggable="true"
72        android:icon="@mipmap/logo"
73        android:label="Linger"
74        android:supportsRtl="true"
74-->[com.facebook.android:facebook-login:14.1.1] AndroidManifest.xml:28:18-44
75        android:usesCleartextTraffic="true" >
76        <meta-data
77            android:name="com.facebook.sdk.ApplicationId"
78            android:value="@string/facebook_app_id" />
79
80        <activity
81            android:name="com.allthesafe.linger.MainActivity"
82            android:configChanges="orientation|keyboardHidden|keyboard|screenSize|smallestScreenSize|locale|layoutDirection|fontScale|screenLayout|density|uiMode"
83            android:exported="true"
84            android:hardwareAccelerated="true"
85            android:launchMode="singleTop"
86            android:theme="@style/LaunchTheme"
87            android:usesCleartextTraffic="true"
88            android:windowSoftInputMode="adjustResize" >
89
90            <!--
91                 Specifies an Android theme to apply to this Activity as soon as
92                 the Android process has started. This theme is visible to the user
93                 while the Flutter UI initializes. After that, this theme continues
94                 to determine the Window background behind the Flutter UI.
95            -->
96            <meta-data
97                android:name="io.flutter.embedding.android.NormalTheme"
98                android:resource="@style/NormalTheme" />
99
100            <intent-filter>
101                <action android:name="android.intent.action.MAIN" />
101-->[com.razorpay:checkout:1.6.19] AndroidManifest.xml:30:13-65
101-->[com.razorpay:checkout:1.6.19] AndroidManifest.xml:30:21-62
102
103                <category android:name="android.intent.category.LAUNCHER" />
104            </intent-filter>
105        </activity>
106        <activity
107            android:name="com.facebook.FacebookActivity"
108            android:configChanges="keyboard|keyboardHidden|screenLayout|screenSize|orientation"
109            android:label="@string/app_name"
110            android:theme="@style/com_facebook_activity_theme" />
110-->[com.facebook.android:facebook-common:14.1.1] AndroidManifest.xml:37:13-63
111        <activity
112            android:name="com.facebook.CustomTabActivity"
113            android:exported="true" >
114            <intent-filter>
115                <action android:name="android.intent.action.VIEW" />
115-->[com.facebook.android:facebook-common:14.1.1] AndroidManifest.xml:44:17-69
115-->[com.facebook.android:facebook-common:14.1.1] AndroidManifest.xml:44:25-66
116
117                <category android:name="android.intent.category.DEFAULT" />
117-->[com.facebook.android:facebook-common:14.1.1] AndroidManifest.xml:46:17-76
117-->[com.facebook.android:facebook-common:14.1.1] AndroidManifest.xml:46:27-73
118                <category android:name="android.intent.category.BROWSABLE" />
118-->[com.facebook.android:facebook-common:14.1.1] AndroidManifest.xml:47:17-78
118-->[com.facebook.android:facebook-common:14.1.1] AndroidManifest.xml:47:27-75
119
120                <data android:scheme="@string/fb_login_protocol_scheme" />
120-->[com.facebook.android:facebook-common:14.1.1] AndroidManifest.xml:49:17-51:50
120-->[com.facebook.android:facebook-common:14.1.1] AndroidManifest.xml:51:21-47
121            </intent-filter>
122            <intent-filter>
122-->[com.facebook.android:facebook-common:14.1.1] AndroidManifest.xml:43:13-52:29
123                <action android:name="android.intent.action.VIEW" />
123-->[com.facebook.android:facebook-common:14.1.1] AndroidManifest.xml:44:17-69
123-->[com.facebook.android:facebook-common:14.1.1] AndroidManifest.xml:44:25-66
124
125                <category android:name="android.intent.category.DEFAULT" />
125-->[com.facebook.android:facebook-common:14.1.1] AndroidManifest.xml:46:17-76
125-->[com.facebook.android:facebook-common:14.1.1] AndroidManifest.xml:46:27-73
126                <category android:name="android.intent.category.BROWSABLE" />
126-->[com.facebook.android:facebook-common:14.1.1] AndroidManifest.xml:47:17-78
126-->[com.facebook.android:facebook-common:14.1.1] AndroidManifest.xml:47:27-75
127
128                <data
128-->[com.facebook.android:facebook-common:14.1.1] AndroidManifest.xml:49:17-51:50
129                    android:host="cct.com.allthesafe.linger"
129-->[com.facebook.android:facebook-common:14.1.1] AndroidManifest.xml:50:21-56
130                    android:scheme="fbconnect" />
130-->[com.facebook.android:facebook-common:14.1.1] AndroidManifest.xml:51:21-47
131            </intent-filter>
132        </activity>
133
134        <!--
135             Don't delete the meta-data below.
136             This is used by the Flutter tool to generate GeneratedPluginRegistrant.java
137        -->
138        <meta-data
139            android:name="flutterEmbedding"
140            android:value="2" />
141
142        <service
142-->[:firebase_auth] AndroidManifest.xml:10:9-14:19
143            android:name="com.google.firebase.components.ComponentDiscoveryService"
143-->[:firebase_auth] AndroidManifest.xml:10:18-89
144            android:directBootAware="true"
144-->[com.google.firebase:firebase-common:20.2.0] AndroidManifest.xml:34:13-43
145            android:exported="false" >
145-->[com.google.firebase:firebase-auth:21.1.0] AndroidManifest.xml:66:13-37
146            <meta-data
146-->[:firebase_auth] AndroidManifest.xml:11:13-13:85
147                android:name="com.google.firebase.components:io.flutter.plugins.firebase.auth.FlutterFirebaseAuthRegistrar"
147-->[:firebase_auth] AndroidManifest.xml:12:17-124
148                android:value="com.google.firebase.components.ComponentRegistrar" />
148-->[:firebase_auth] AndroidManifest.xml:13:17-82
149            <meta-data
149-->[:firebase_core] AndroidManifest.xml:11:13-13:85
150                android:name="com.google.firebase.components:io.flutter.plugins.firebase.core.FlutterFirebaseCoreRegistrar"
150-->[:firebase_core] AndroidManifest.xml:12:17-124
151                android:value="com.google.firebase.components.ComponentRegistrar" />
151-->[:firebase_core] AndroidManifest.xml:13:17-82
152            <meta-data
152-->[com.google.firebase:firebase-auth:21.1.0] AndroidManifest.xml:67:13-69:85
153                android:name="com.google.firebase.components:com.google.firebase.auth.FirebaseAuthRegistrar"
153-->[com.google.firebase:firebase-auth:21.1.0] AndroidManifest.xml:68:17-109
154                android:value="com.google.firebase.components.ComponentRegistrar" />
154-->[com.google.firebase:firebase-auth:21.1.0] AndroidManifest.xml:69:17-82
155        </service>
156        <service
156-->[:geolocator_android] AndroidManifest.xml:12:9-16:56
157            android:name="com.baseflow.geolocator.GeolocatorLocationService"
157-->[:geolocator_android] AndroidManifest.xml:13:13-77
158            android:enabled="true"
158-->[:geolocator_android] AndroidManifest.xml:14:13-35
159            android:exported="false"
159-->[:geolocator_android] AndroidManifest.xml:15:13-37
160            android:foregroundServiceType="location" />
160-->[:geolocator_android] AndroidManifest.xml:16:13-53
161
162        <receiver
162-->[:assets_audio_player] AndroidManifest.xml:14:9-16:39
163            android:name="com.github.florent37.assets_audio_player.notification.NotificationActionReceiver"
163-->[:assets_audio_player] AndroidManifest.xml:15:13-108
164            android:exported="true" />
164-->[:assets_audio_player] AndroidManifest.xml:16:13-36
165        <receiver
165-->[:assets_audio_player] AndroidManifest.xml:17:9-23:20
166            android:name="com.github.florent37.assets_audio_player.notification.CustomMediaButtonReceiver"
166-->[:assets_audio_player] AndroidManifest.xml:18:13-107
167            android:exported="true" >
167-->[:assets_audio_player] AndroidManifest.xml:19:13-36
168            <intent-filter>
168-->[:assets_audio_player] AndroidManifest.xml:20:13-22:29
169                <action android:name="android.intent.action.MEDIA_BUTTON" />
169-->[:assets_audio_player] AndroidManifest.xml:21:17-77
169-->[:assets_audio_player] AndroidManifest.xml:21:25-74
170            </intent-filter>
171        </receiver>
172
173        <service
173-->[:assets_audio_player] AndroidManifest.xml:25:9-35:19
174            android:name="com.github.florent37.assets_audio_player.notification.NotificationService"
174-->[:assets_audio_player] AndroidManifest.xml:26:13-101
175            android:enabled="true"
175-->[:assets_audio_player] AndroidManifest.xml:27:13-35
176            android:exported="true" >
176-->[:assets_audio_player] AndroidManifest.xml:28:13-36
177
178            <!--
179            <intent-filter>
180                <action android:name="android.intent.action.MEDIA_BUTTON" />
181            </intent-filter>
182            -->
183        </service>
184
185        <activity
185-->[:flutter_inappwebview] AndroidManifest.xml:16:9-20:47
186            android:name="com.pichillilorenzo.flutter_inappwebview.in_app_browser.InAppBrowserActivity"
186-->[:flutter_inappwebview] AndroidManifest.xml:17:13-104
187            android:configChanges="orientation|keyboardHidden|keyboard|screenSize|locale|layoutDirection|fontScale|screenLayout|density"
187-->[:flutter_inappwebview] AndroidManifest.xml:18:13-137
188            android:exported="false"
188-->[:flutter_inappwebview] AndroidManifest.xml:19:13-37
189            android:theme="@style/AppTheme" />
189-->[:flutter_inappwebview] AndroidManifest.xml:20:13-44
190        <activity
190-->[:flutter_inappwebview] AndroidManifest.xml:21:9-24:55
191            android:name="com.pichillilorenzo.flutter_inappwebview.chrome_custom_tabs.ChromeCustomTabsActivity"
191-->[:flutter_inappwebview] AndroidManifest.xml:22:13-112
192            android:exported="false"
192-->[:flutter_inappwebview] AndroidManifest.xml:23:13-37
193            android:theme="@style/ThemeTransparent" />
193-->[:flutter_inappwebview] AndroidManifest.xml:24:13-52
194        <activity
194-->[:flutter_inappwebview] AndroidManifest.xml:25:9-28:55
195            android:name="com.pichillilorenzo.flutter_inappwebview.chrome_custom_tabs.TrustedWebActivity"
195-->[:flutter_inappwebview] AndroidManifest.xml:26:13-106
196            android:exported="false"
196-->[:flutter_inappwebview] AndroidManifest.xml:27:13-37
197            android:theme="@style/ThemeTransparent" />
197-->[:flutter_inappwebview] AndroidManifest.xml:28:13-52
198        <activity
198-->[:flutter_inappwebview] AndroidManifest.xml:29:9-33:55
199            android:name="com.pichillilorenzo.flutter_inappwebview.chrome_custom_tabs.ChromeCustomTabsActivitySingleInstance"
199-->[:flutter_inappwebview] AndroidManifest.xml:30:13-126
200            android:exported="false"
200-->[:flutter_inappwebview] AndroidManifest.xml:31:13-37
201            android:launchMode="singleInstance"
201-->[:flutter_inappwebview] AndroidManifest.xml:32:13-48
202            android:theme="@style/ThemeTransparent" />
202-->[:flutter_inappwebview] AndroidManifest.xml:33:13-52
203        <activity
203-->[:flutter_inappwebview] AndroidManifest.xml:34:9-38:55
204            android:name="com.pichillilorenzo.flutter_inappwebview.chrome_custom_tabs.TrustedWebActivitySingleInstance"
204-->[:flutter_inappwebview] AndroidManifest.xml:35:13-120
205            android:exported="false"
205-->[:flutter_inappwebview] AndroidManifest.xml:36:13-37
206            android:launchMode="singleInstance"
206-->[:flutter_inappwebview] AndroidManifest.xml:37:13-48
207            android:theme="@style/ThemeTransparent" />
207-->[:flutter_inappwebview] AndroidManifest.xml:38:13-52
208
209        <receiver
209-->[:flutter_inappwebview] AndroidManifest.xml:40:9-43:40
210            android:name="com.pichillilorenzo.flutter_inappwebview.chrome_custom_tabs.ActionBroadcastReceiver"
210-->[:flutter_inappwebview] AndroidManifest.xml:41:13-111
211            android:enabled="true"
211-->[:flutter_inappwebview] AndroidManifest.xml:42:13-35
212            android:exported="false" />
212-->[:flutter_inappwebview] AndroidManifest.xml:43:13-37
213
214        <meta-data
214-->[:flutter_inappwebview] AndroidManifest.xml:45:9-47:36
215            android:name="io.flutter.embedded_views_preview"
215-->[:flutter_inappwebview] AndroidManifest.xml:46:13-61
216            android:value="true" />
216-->[:flutter_inappwebview] AndroidManifest.xml:47:13-33
217
218        <provider
218-->[:share_plus] AndroidManifest.xml:10:9-18:20
219            android:name="dev.fluttercommunity.plus.share.ShareFileProvider"
219-->[:share_plus] AndroidManifest.xml:11:13-77
220            android:authorities="com.allthesafe.linger.flutter.share_provider"
220-->[:share_plus] AndroidManifest.xml:12:13-74
221            android:exported="false"
221-->[:share_plus] AndroidManifest.xml:13:13-37
222            android:grantUriPermissions="true" >
222-->[:share_plus] AndroidManifest.xml:14:13-47
223            <meta-data
223-->[:share_plus] AndroidManifest.xml:15:13-17:68
224                android:name="android.support.FILE_PROVIDER_PATHS"
224-->[:share_plus] AndroidManifest.xml:16:17-67
225                android:resource="@xml/flutter_share_file_paths" />
225-->[:share_plus] AndroidManifest.xml:17:17-65
226        </provider>
227        <provider
227-->[:image_picker_android] AndroidManifest.xml:10:9-18:20
228            android:name="io.flutter.plugins.imagepicker.ImagePickerFileProvider"
228-->[:image_picker_android] AndroidManifest.xml:11:13-82
229            android:authorities="com.allthesafe.linger.flutter.image_provider"
229-->[:image_picker_android] AndroidManifest.xml:12:13-74
230            android:exported="false"
230-->[:image_picker_android] AndroidManifest.xml:13:13-37
231            android:grantUriPermissions="true" >
231-->[:image_picker_android] AndroidManifest.xml:14:13-47
232            <meta-data
232-->[:share_plus] AndroidManifest.xml:15:13-17:68
233                android:name="android.support.FILE_PROVIDER_PATHS"
233-->[:share_plus] AndroidManifest.xml:16:17-67
234                android:resource="@xml/flutter_image_picker_file_paths" />
234-->[:share_plus] AndroidManifest.xml:17:17-65
235        </provider>
236
237        <activity
237-->[:url_launcher_android] AndroidManifest.xml:10:9-13:74
238            android:name="io.flutter.plugins.urllauncher.WebViewActivity"
238-->[:url_launcher_android] AndroidManifest.xml:11:13-74
239            android:exported="false"
239-->[:url_launcher_android] AndroidManifest.xml:12:13-37
240            android:theme="@android:style/Theme.NoTitleBar.Fullscreen" />
240-->[:url_launcher_android] AndroidManifest.xml:13:13-71
241
242        <uses-library
242-->[androidx.window:window:1.0.0-beta04] AndroidManifest.xml:25:9-27:40
243            android:name="androidx.window.extensions"
243-->[androidx.window:window:1.0.0-beta04] AndroidManifest.xml:26:13-54
244            android:required="false" />
244-->[androidx.window:window:1.0.0-beta04] AndroidManifest.xml:27:13-37
245        <uses-library
245-->[androidx.window:window:1.0.0-beta04] AndroidManifest.xml:28:9-30:40
246            android:name="androidx.window.sidecar"
246-->[androidx.window:window:1.0.0-beta04] AndroidManifest.xml:29:13-51
247            android:required="false" />
247-->[androidx.window:window:1.0.0-beta04] AndroidManifest.xml:30:13-37
248
249        <activity android:name="com.facebook.CustomTabMainActivity" />
249-->[com.facebook.android:facebook-common:14.1.1] AndroidManifest.xml:38:9-71
249-->[com.facebook.android:facebook-common:14.1.1] AndroidManifest.xml:38:19-68
250
251        <receiver
251-->[com.razorpay:checkout:1.6.19] AndroidManifest.xml:40:9-46:20
252            android:name="com.razorpay.RzpTokenReceiver"
252-->[com.razorpay:checkout:1.6.19] AndroidManifest.xml:41:13-57
253            android:exported="false" >
253-->[com.razorpay:checkout:1.6.19] AndroidManifest.xml:42:13-37
254            <intent-filter>
254-->[com.razorpay:checkout:1.6.19] AndroidManifest.xml:43:13-45:29
255                <action android:name="rzp.device_token.share" />
255-->[com.razorpay:checkout:1.6.19] AndroidManifest.xml:44:17-65
255-->[com.razorpay:checkout:1.6.19] AndroidManifest.xml:44:25-62
256            </intent-filter>
257        </receiver>
258
259        <activity
259-->[com.razorpay:checkout:1.6.19] AndroidManifest.xml:48:9-60:20
260            android:name="com.razorpay.CheckoutActivity"
260-->[com.razorpay:checkout:1.6.19] AndroidManifest.xml:49:13-57
261            android:configChanges="keyboard|keyboardHidden|orientation|screenSize"
261-->[com.razorpay:checkout:1.6.19] AndroidManifest.xml:50:13-83
262            android:exported="true"
262-->[com.razorpay:checkout:1.6.19] AndroidManifest.xml:51:13-36
263            android:theme="@style/CheckoutTheme" >
263-->[com.razorpay:checkout:1.6.19] AndroidManifest.xml:52:13-49
264            <intent-filter>
264-->[com.razorpay:checkout:1.6.19] AndroidManifest.xml:53:13-59:29
265                <action android:name="android.intent.action.MAIN" />
265-->[com.razorpay:checkout:1.6.19] AndroidManifest.xml:30:13-65
265-->[com.razorpay:checkout:1.6.19] AndroidManifest.xml:30:21-62
266
267                <data
267-->[com.facebook.android:facebook-common:14.1.1] AndroidManifest.xml:49:17-51:50
268                    android:host="rzp.io"
268-->[com.facebook.android:facebook-common:14.1.1] AndroidManifest.xml:50:21-56
269                    android:scheme="io.rzp" />
269-->[com.facebook.android:facebook-common:14.1.1] AndroidManifest.xml:51:21-47
270            </intent-filter>
271        </activity>
272
273        <meta-data
273-->[com.razorpay:checkout:1.6.19] AndroidManifest.xml:62:9-64:58
274            android:name="com.razorpay.plugin.googlepay_all"
274-->[com.razorpay:checkout:1.6.19] AndroidManifest.xml:63:13-61
275            android:value="com.razorpay.RzpGpayMerged" />
275-->[com.razorpay:checkout:1.6.19] AndroidManifest.xml:64:13-55
276
277        <activity
277-->[com.google.android.gms:play-services-auth:20.0.1] AndroidManifest.xml:23:9-27:75
278            android:name="com.google.android.gms.auth.api.signin.internal.SignInHubActivity"
278-->[com.google.android.gms:play-services-auth:20.0.1] AndroidManifest.xml:24:13-93
279            android:excludeFromRecents="true"
279-->[com.google.android.gms:play-services-auth:20.0.1] AndroidManifest.xml:25:13-46
280            android:exported="false"
280-->[com.google.android.gms:play-services-auth:20.0.1] AndroidManifest.xml:26:13-37
281            android:theme="@android:style/Theme.Translucent.NoTitleBar" />
281-->[com.google.android.gms:play-services-auth:20.0.1] AndroidManifest.xml:27:13-72
282        <!--
283            Service handling Google Sign-In user revocation. For apps that do not integrate with
284            Google Sign-In, this service will never be started.
285        -->
286        <service
286-->[com.google.android.gms:play-services-auth:20.0.1] AndroidManifest.xml:33:9-37:51
287            android:name="com.google.android.gms.auth.api.signin.RevocationBoundService"
287-->[com.google.android.gms:play-services-auth:20.0.1] AndroidManifest.xml:34:13-89
288            android:exported="true"
288-->[com.google.android.gms:play-services-auth:20.0.1] AndroidManifest.xml:35:13-36
289            android:permission="com.google.android.gms.auth.api.signin.permission.REVOCATION_NOTIFICATION"
289-->[com.google.android.gms:play-services-auth:20.0.1] AndroidManifest.xml:36:13-107
290            android:visibleToInstantApps="true" />
290-->[com.google.android.gms:play-services-auth:20.0.1] AndroidManifest.xml:37:13-48
291
292        <activity
292-->[com.google.firebase:firebase-auth:21.1.0] AndroidManifest.xml:27:9-44:20
293            android:name="com.google.firebase.auth.internal.GenericIdpActivity"
293-->[com.google.firebase:firebase-auth:21.1.0] AndroidManifest.xml:28:13-80
294            android:excludeFromRecents="true"
294-->[com.google.firebase:firebase-auth:21.1.0] AndroidManifest.xml:29:13-46
295            android:exported="true"
295-->[com.google.firebase:firebase-auth:21.1.0] AndroidManifest.xml:30:13-36
296            android:launchMode="singleTask"
296-->[com.google.firebase:firebase-auth:21.1.0] AndroidManifest.xml:31:13-44
297            android:theme="@android:style/Theme.Translucent.NoTitleBar" >
297-->[com.google.firebase:firebase-auth:21.1.0] AndroidManifest.xml:32:13-72
298            <intent-filter>
298-->[com.google.firebase:firebase-auth:21.1.0] AndroidManifest.xml:33:13-43:29
299                <action android:name="android.intent.action.VIEW" />
299-->[com.facebook.android:facebook-common:14.1.1] AndroidManifest.xml:44:17-69
299-->[com.facebook.android:facebook-common:14.1.1] AndroidManifest.xml:44:25-66
300
301                <category android:name="android.intent.category.DEFAULT" />
301-->[com.facebook.android:facebook-common:14.1.1] AndroidManifest.xml:46:17-76
301-->[com.facebook.android:facebook-common:14.1.1] AndroidManifest.xml:46:27-73
302                <category android:name="android.intent.category.BROWSABLE" />
302-->[com.facebook.android:facebook-common:14.1.1] AndroidManifest.xml:47:17-78
302-->[com.facebook.android:facebook-common:14.1.1] AndroidManifest.xml:47:27-75
303
304                <data
304-->[com.facebook.android:facebook-common:14.1.1] AndroidManifest.xml:49:17-51:50
305                    android:host="firebase.auth"
305-->[com.facebook.android:facebook-common:14.1.1] AndroidManifest.xml:50:21-56
306                    android:path="/"
307                    android:scheme="genericidp" />
307-->[com.facebook.android:facebook-common:14.1.1] AndroidManifest.xml:51:21-47
308            </intent-filter>
309        </activity>
310        <activity
310-->[com.google.firebase:firebase-auth:21.1.0] AndroidManifest.xml:45:9-62:20
311            android:name="com.google.firebase.auth.internal.RecaptchaActivity"
311-->[com.google.firebase:firebase-auth:21.1.0] AndroidManifest.xml:46:13-79
312            android:excludeFromRecents="true"
312-->[com.google.firebase:firebase-auth:21.1.0] AndroidManifest.xml:47:13-46
313            android:exported="true"
313-->[com.google.firebase:firebase-auth:21.1.0] AndroidManifest.xml:48:13-36
314            android:launchMode="singleTask"
314-->[com.google.firebase:firebase-auth:21.1.0] AndroidManifest.xml:49:13-44
315            android:theme="@android:style/Theme.Translucent.NoTitleBar" >
315-->[com.google.firebase:firebase-auth:21.1.0] AndroidManifest.xml:50:13-72
316            <intent-filter>
316-->[com.google.firebase:firebase-auth:21.1.0] AndroidManifest.xml:51:13-61:29
317                <action android:name="android.intent.action.VIEW" />
317-->[com.facebook.android:facebook-common:14.1.1] AndroidManifest.xml:44:17-69
317-->[com.facebook.android:facebook-common:14.1.1] AndroidManifest.xml:44:25-66
318
319                <category android:name="android.intent.category.DEFAULT" />
319-->[com.facebook.android:facebook-common:14.1.1] AndroidManifest.xml:46:17-76
319-->[com.facebook.android:facebook-common:14.1.1] AndroidManifest.xml:46:27-73
320                <category android:name="android.intent.category.BROWSABLE" />
320-->[com.facebook.android:facebook-common:14.1.1] AndroidManifest.xml:47:17-78
320-->[com.facebook.android:facebook-common:14.1.1] AndroidManifest.xml:47:27-75
321
322                <data
322-->[com.facebook.android:facebook-common:14.1.1] AndroidManifest.xml:49:17-51:50
323                    android:host="firebase.auth"
323-->[com.facebook.android:facebook-common:14.1.1] AndroidManifest.xml:50:21-56
324                    android:path="/"
325                    android:scheme="recaptcha" />
325-->[com.facebook.android:facebook-common:14.1.1] AndroidManifest.xml:51:21-47